<?xml version='1.0' encoding='UTF-8'?>
<testsuite hostname="pradeep-ThinkPad-Edge-E430" name="IntegrationSpec" tests="1" errors="0" failures="1" time="-0.001">
                <properties>
[...]
</properties>
                <testcase classname="IntegrationSpec" name="(It is not a test)" time="-0.001"> <failure message="'List(UsersRow(5,pradeeo is 5,Y,None,N,None,None,6,N,None,N,None,0,None,None,None,i,None,None,None,None))' doesn't contain 'Your new application is ready.'" type="sbt.ForkMain$ForkError">sbt.ForkMain$ForkError: 'List(UsersRow(5,pradeeo is 5,Y,None,N,None,None,6,N,None,N,None,0,None,None,None,i,None,None,None,None))' doesn't contain 'Your new application is ready.'
	at IntegrationSpec$$anonfun$1$$anonfun$apply$1$$anon$1$delayedInit$body.apply(IntegrationSpec.scala:21)
	at play.api.test.WithBrowser$$anonfun$around$3.apply(Specs.scala:65)
	at play.api.test.WithBrowser$$anonfun$around$3.apply(Specs.scala:65)
	at play.api.test.PlayRunners$class.running(Helpers.scala:63)
	at play.api.test.Helpers$.running(Helpers.scala:403)
	at play.api.test.WithBrowser.around(Specs.scala:65)
	at play.api.test.WithBrowser.delayedInit(Specs.scala:48)
	at IntegrationSpec$$anonfun$1$$anonfun$apply$1$$anon$1.&lt;init&gt;(IntegrationSpec.scala:17)
	at IntegrationSpec$$anonfun$1$$anonfun$apply$1.apply(IntegrationSpec.scala:17)
	at IntegrationSpec$$anonfun$1$$anonfun$apply$1.apply(IntegrationSpec.scala:17)
</failure>
                    </testcase>
                <system-out></system-out>
                <system-err></system-err>
                </testsuite>