<?xml version='1.0' encoding='UTF-8'?>
<testsuite hostname="pradeep-ThinkPad-Edge-E430" name="userDaoTest" tests="5" errors="0" failures="0" time="0.89">
                <properties>
[...]
</properties>
                <testcase classname="userDaoTest" name="object UserDao must create a new user" time="0.363"> 
                    </testcase><testcase classname="userDaoTest" name="get a single user by id" time="0.185"> 
                    </testcase><testcase classname="userDaoTest" name="get all usersrow as list" time="0.047"> 
                    </testcase><testcase classname="userDaoTest" name="update a single user by his is userid" time="0.156"> 
                    </testcase><testcase classname="userDaoTest" name="update a list of users" time="0.139"> 
                    </testcase>
                <system-out></system-out>
                <system-err></system-err>
                </testsuite>